<?xml version="1.0" encoding="UTF-8"?>
<testsuite xmlns:xsi="http://www.w3.org/2001/XMLSchema-instance" xsi:noNamespaceSchemaLocation="https://maven.apache.org/surefire/maven-surefire-plugin/xsd/surefire-test-report-3.0.xsd" version="3.0" name="runners.TestRunner" time="13.61" tests="1" errors="1" skipped="0" failures="0">
  <properties>
[...]
</properties>
  <testcase name="Successfull Search keyword" classname="Google Search Functionality" time="13.334">
    <error message="Expected condition failed: waiting for visibility of element located by By.xpath: //div[@data-hveid] (tried for 10 second(s) with 500 milliseconds interval)&#10;Build info: version: &apos;4.27.0&apos;, revision: &apos;d6e718d134&apos;&#10;System info: os.name: &apos;Mac OS X&apos;, os.arch: &apos;aarch64&apos;, os.version: &apos;15.6&apos;, java.version: &apos;21.0.7&apos;&#10;Driver info: org.openqa.selenium.remote.RemoteWebDriver&#10;Capabilities {acceptInsecureCerts: false, browserName: chrome, browserVersion: 141.0.7390.108, chrome: {chromedriverVersion: 141.0.7390.78 (2b53b0e231fc..., userDataDir: /var/folders/6l/4262_6bs3z9...}, fedcm:accounts: true, goog:chromeOptions: {debuggerAddress: localhost:60138}, networkConnectionEnabled: false, pageLoadStrategy: normal, platformName: mac, proxy: Proxy(), se:bidiEnabled: false, se:cdp: ws://192.168.10.69:4444/ses..., se:cdpVersion: 141.0.7390.108, setWindowRect: true, strictFileInteractability: false, timeouts: {implicit: 0, pageLoad: 300000, script: 30000}, unhandledPromptBehavior: dismiss and notify, webauthn:extension:credBlob: true, webauthn:extension:largeBlob: true, webauthn:extension:minPinLength: true, webauthn:extension:prf: true, webauthn:virtualAuthenticators: true}&#10;Session ID: 5e7e9abbe1e095aa25199f354cd95a1e" type="org.openqa.selenium.TimeoutException"><![CDATA[org.openqa.selenium.TimeoutException: 
Expected condition failed: waiting for visibility of element located by By.xpath: //div[@data-hveid] (tried for 10 second(s) with 500 milliseconds interval)
Build info: version: '4.27.0', revision: 'd6e718d134'
System info: os.name: 'Mac OS X', os.arch: 'aarch64', os.version: '15.6', java.version: '21.0.7'
Driver info: org.openqa.selenium.remote.RemoteWebDriver
Capabilities {acceptInsecureCerts: false, browserName: chrome, browserVersion: 141.0.7390.108, chrome: {chromedriverVersion: 141.0.7390.78 (2b53b0e231fc..., userDataDir: /var/folders/6l/4262_6bs3z9...}, fedcm:accounts: true, goog:chromeOptions: {debuggerAddress: localhost:60138}, networkConnectionEnabled: false, pageLoadStrategy: normal, platformName: mac, proxy: Proxy(), se:bidiEnabled: false, se:cdp: ws://192.168.10.69:4444/ses..., se:cdpVersion: 141.0.7390.108, setWindowRect: true, strictFileInteractability: false, timeouts: {implicit: 0, pageLoad: 300000, script: 30000}, unhandledPromptBehavior: dismiss and notify, webauthn:extension:credBlob: true, webauthn:extension:largeBlob: true, webauthn:extension:minPinLength: true, webauthn:extension:prf: true, webauthn:virtualAuthenticators: true}
Session ID: 5e7e9abbe1e095aa25199f354cd95a1e
	at org.openqa.selenium.support.ui.WebDriverWait.timeoutException(WebDriverWait.java:84)
	at org.openqa.selenium.support.ui.FluentWait.until(FluentWait.java:228)
	at pages.SearchPage.waitUntilElementVisible(SearchPage.java:40)
	at pages.SearchPage.isSeenAIOverview(SearchPage.java:36)
	at stepDefinitions.searchSteps.iSeeAIOverview(searchSteps.java:49)
	at ✽.I see AI Overview(file:///Users/fajarudin.ramdani/Work/Project/Learning/Selenium%20UI/src/test/java/features/search.feature:7)
]]></error>
    <system-out><![CDATA[
Scenario: Successfull Search keyword   # src/test/java/features/search.feature:3
Running tests with browser: chrome in mode: grid
Selenium Grid URL: http://192.168.10.69:4444
  Given I am on the google search page # stepDefinitions.searchSteps.iAmOnTheGoogleSearchPage()
  When I search keyword "selenium"     # stepDefinitions.searchSteps.iSearchKeyword(java.lang.String)
  And I click enter                    # stepDefinitions.searchSteps.iClickEnter()
  Then I see AI Overview               # stepDefinitions.searchSteps.iSeeAIOverview()
      org.openqa.selenium.TimeoutException: Expected condition failed: waiting for visibility of element located by By.xpath: //div[@data-hveid] (tried for 10 second(s) with 500 milliseconds interval)
Build info: version: '4.27.0', revision: 'd6e718d134'
System info: os.name: 'Mac OS X', os.arch: 'aarch64', os.version: '15.6', java.version: '21.0.7'
Driver info: org.openqa.selenium.remote.RemoteWebDriver
Capabilities {acceptInsecureCerts: false, browserName: chrome, browserVersion: 141.0.7390.108, chrome: {chromedriverVersion: 141.0.7390.78 (2b53b0e231fc..., userDataDir: /var/folders/6l/4262_6bs3z9...}, fedcm:accounts: true, goog:chromeOptions: {debuggerAddress: localhost:60138}, networkConnectionEnabled: false, pageLoadStrategy: normal, platformName: mac, proxy: Proxy(), se:bidiEnabled: false, se:cdp: ws://192.168.10.69:4444/ses..., se:cdpVersion: 141.0.7390.108, setWindowRect: true, strictFileInteractability: false, timeouts: {implicit: 0, pageLoad: 300000, script: 30000}, unhandledPromptBehavior: dismiss and notify, webauthn:extension:credBlob: true, webauthn:extension:largeBlob: true, webauthn:extension:minPinLength: true, webauthn:extension:prf: true, webauthn:virtualAuthenticators: true}
Session ID: 5e7e9abbe1e095aa25199f354cd95a1e
	at org.openqa.selenium.support.ui.WebDriverWait.timeoutException(WebDriverWait.java:84)
	at org.openqa.selenium.support.ui.FluentWait.until(FluentWait.java:228)
	at pages.SearchPage.waitUntilElementVisible(SearchPage.java:40)
	at pages.SearchPage.isSeenAIOverview(SearchPage.java:36)
	at stepDefinitions.searchSteps.iSeeAIOverview(searchSteps.java:49)
	at ✽.I see AI Overview(file:///Users/fajarudin.ramdani/Work/Project/Learning/Selenium%20UI/src/test/java/features/search.feature:7)

]]></system-out>
    <system-err><![CDATA[Oct 18, 2025 2:32:45 PM org.openqa.selenium.remote.tracing.opentelemetry.OpenTelemetryTracer createTracer
INFO: Using OpenTelemetry for tracing
]]></system-err>
  </testcase>
</testsuite>